mkdir shared/libosmocore/build-target
cd shared/libosmocore/build-target && ../configure \
			--host=arm-none-eabi --enable-embedded --disable-shared \
			--disable-tests ac_cv_header_sys_select_h=no \
			--disable-tests ac_cv_header_sys_socket_h=no \
		CFLAGS="-Os -ffunction-sections -I/home/anming/osmocom-bb/src/target/firmware/include -nostartfiles -nodefaultlibs"
checking for a BSD-compatible install... /usr/bin/install -c
checking whether build environment is sane... yes
checking for arm-none-eabi-strip... arm-none-eabi-strip
checking for a thread-safe mkdir -p... /bin/mkdir -p
checking for gawk... no
checking for mawk... mawk
checking whether make sets $(MAKE)... yes
checking whether make supports nested variables... yes
checking whether make supports nested variables... (cached) yes
checking whether make sets $(MAKE)... (cached) yes
checking for arm-none-eabi-gcc... arm-none-eabi-gcc
checking whether the C compiler works... yes
checking for C compiler default output file name... a.out
checking for suffix of executables... 
checking whether we are cross compiling... yes
checking for suffix of object files... o
checking whether we are using the GNU C compiler... yes
checking whether arm-none-eabi-gcc accepts -g... yes
checking for arm-none-eabi-gcc option to accept ISO C89... none needed
checking whether arm-none-eabi-gcc understands -c and -o together... yes
checking for style of include used by make... GNU
checking dependency style of arm-none-eabi-gcc... gcc3
checking build system type... x86_64-unknown-linux-gnu
checking host system type... arm-none-eabi
checking how to print strings... printf
checking for a sed that does not truncate output... /bin/sed
checking for grep that handles long lines and -e... /bin/grep
checking for egrep... /bin/grep -E
checking for fgrep... /bin/grep -F
checking for ld used by arm-none-eabi-gcc... /home/anming/osmcombb/install/arm-none-eabi/bin/ld
checking if the linker (/home/anming/osmcombb/install/arm-none-eabi/bin/ld) is GNU ld... yes
checking for BSD- or MS-compatible name lister (nm)... /home/anming/osmcombb/install/bin/arm-none-eabi-nm -B
checking the name lister (/home/anming/osmcombb/install/bin/arm-none-eabi-nm -B) interface... BSD nm
checking whether ln -s works... yes
checking the maximum length of command line arguments... 3458764513820540925
checking whether the shell understands some XSI constructs... yes
checking whether the shell understands "+="... yes
checking how to convert x86_64-unknown-linux-gnu file names to arm-none-eabi format... func_convert_file_noop
checking how to convert x86_64-unknown-linux-gnu file names to toolchain format... func_convert_file_noop
checking for /home/anming/osmcombb/install/arm-none-eabi/bin/ld option to reload object files... -r
checking for arm-none-eabi-objdump... arm-none-eabi-objdump
checking how to recognize dependent libraries... unknown
checking for arm-none-eabi-dlltool... no
checking for dlltool... no
checking how to associate runtime and link libraries... printf %s\n
checking for arm-none-eabi-ar... arm-none-eabi-ar
checking for archiver @FILE support... @
checking for arm-none-eabi-strip... (cached) arm-none-eabi-strip
checking for arm-none-eabi-ranlib... arm-none-eabi-ranlib
checking command to parse /home/anming/osmcombb/install/bin/arm-none-eabi-nm -B output from arm-none-eabi-gcc object... ok
checking for sysroot... no
checking for arm-none-eabi-mt... no
checking for mt... mt
checking if mt is a manifest tool... no
checking how to run the C preprocessor... arm-none-eabi-gcc -E
checking for ANSI C header files... yes
checking for sys/types.h... yes
checking for sys/stat.h... yes
checking for stdlib.h... yes
checking for string.h... yes
checking for memory.h... yes
checking for strings.h... yes
checking for inttypes.h... yes
checking for stdint.h... yes
checking for unistd.h... yes
checking for dlfcn.h... no
checking for objdir... .libs
checking if arm-none-eabi-gcc supports -fno-rtti -fno-exceptions... no
checking for arm-none-eabi-gcc option to produce PIC... -fPIC -DPIC
checking if arm-none-eabi-gcc PIC flag -fPIC -DPIC works... yes
checking if arm-none-eabi-gcc static flag -static works... yes
checking if arm-none-eabi-gcc supports -c -o file.o... yes
checking if arm-none-eabi-gcc supports -c -o file.o... (cached) yes
checking whether the arm-none-eabi-gcc linker (/home/anming/osmcombb/install/arm-none-eabi/bin/ld) supports shared libraries... yes
checking dynamic linker characteristics... no
checking how to hardcode library paths into programs... immediate
checking whether stripping libraries is possible... yes
checking if libtool supports shared libraries... no
checking whether to build shared libraries... no
checking whether to build static libraries... yes
checking for ANSI C header files... (cached) yes
checking execinfo.h usability... no
checking execinfo.h presence... no
checking for execinfo.h... no
checking for sys/select.h... (cached) no
checking for sys/socket.h... (cached) no
checking syslog.h usability... no
checking syslog.h presence... no
checking for syslog.h... no
checking ctype.h usability... yes
checking ctype.h presence... yes
checking for ctype.h... yes
checking for size_t... yes
checking for working alloca.h... yes
checking for alloca... yes
checking for library containing dlopen... no
checking for doxygen... false
checking if arm-none-eabi-gcc supports -fvisibility=hidden... yes
checking whether struct tm has tm_gmtoff member... no
checking that generated files are newer than configure... done
configure: creating ./config.status
config.status: creating libosmocore.pc
config.status: creating libosmocodec.pc
config.status: creating libosmovty.pc
config.status: creating libosmogsm.pc
config.status: creating libosmogb.pc
config.status: creating include/Makefile
config.status: creating src/Makefile
config.status: creating src/vty/Makefile
config.status: creating src/codec/Makefile
config.status: creating src/gsm/Makefile
config.status: creating src/gb/Makefile
config.status: creating tests/Makefile
config.status: creating utils/Makefile
config.status: creating Doxyfile.core
config.status: creating Doxyfile.gsm
config.status: creating Doxyfile.vty
config.status: creating Doxyfile.codec
config.status: creating Makefile
config.status: creating config.h
config.status: executing tests/atconfig commands
config.status: executing depfiles commands
config.status: executing libtool commands
cd shared/libosmocore/build-target && make
make[1]: Entering directory `/home/anming/osmocom-bb/src/shared/libosmocore/build-target'
make  all-recursive
make[2]: Entering directory `/home/anming/osmocom-bb/src/shared/libosmocore/build-target'
Making all in include
make[3]: Entering directory `/home/anming/osmocom-bb/src/shared/libosmocore/build-target/include'
  GEN      osmocom/core/crc16gen.h
  GEN      osmocom/core/crc16gen.h
  GEN      osmocom/core/crc32gen.h
  GEN      osmocom/core/crc32gen.h
  GEN      osmocom/core/crc64gen.h
  GEN      osmocom/core/crc64gen.h
  GEN      osmocom/core/crc8gen.h
  GEN      osmocom/core/crc8gen.h
make[3]: Leaving directory `/home/anming/osmocom-bb/src/shared/libosmocore/build-target/include'
Making all in src
make[3]: Entering directory `/home/anming/osmocom-bb/src/shared/libosmocore/build-target/src'
  GEN      crc8gen.c
  GEN      crc16gen.c
  GEN      crc32gen.c
  GEN      crc64gen.c
make  all-am
make[4]: Entering directory `/home/anming/osmocom-bb/src/shared/libosmocore/build-target/src'
  CC       timer.lo
  CC       select.lo
  CC       signal.lo
  CC       msgb.lo
  CC       bits.lo
  CC       bitvec.lo
  CC       statistics.lo
  CC       write_queue.lo
  CC       utils.lo
  CC       socket.lo
  CC       logging.lo
  CC       logging_syslog.lo
  CC       rate_ctr.lo
  CC       gsmtap_util.lo
  CC       crc16.lo
  CC       panic.lo
  CC       backtrace.lo
  CC       conv.lo
  CC       application.lo
  CC       rbtree.lo
  CC       crc8gen.lo
  CC       crc16gen.lo
  CC       crc32gen.lo
  CC       crc64gen.lo
  CCLD     libosmocore.la
make[4]: Leaving directory `/home/anming/osmocom-bb/src/shared/libosmocore/build-target/src'
make[3]: Leaving directory `/home/anming/osmocom-bb/src/shared/libosmocore/build-target/src'
Making all in src/vty
make[3]: Entering directory `/home/anming/osmocom-bb/src/shared/libosmocore/build-target/src/vty'
make[3]: Nothing to be done for `all'.
make[3]: Leaving directory `/home/anming/osmocom-bb/src/shared/libosmocore/build-target/src/vty'
Making all in src/codec
make[3]: Entering directory `/home/anming/osmocom-bb/src/shared/libosmocore/build-target/src/codec'
  CC       gsm610.lo
  CC       gsm620.lo
  CC       gsm660.lo
  CC       gsm690.lo
  CCLD     libosmocodec.la
make[3]: Leaving directory `/home/anming/osmocom-bb/src/shared/libosmocore/build-target/src/codec'
Making all in src/gsm
make[3]: Entering directory `/home/anming/osmocom-bb/src/shared/libosmocore/build-target/src/gsm'
  CC       a5.lo
  CC       rxlev_stat.lo
  CC       tlv_parser.lo
  CC       comp128.lo
  CC       gsm_utils.lo
  CC       rsl.lo
  CC       gsm48.lo
  CC       gsm48_ie.lo
  CC       gsm0808.lo
  CC       sysinfo.lo
  CC       gprs_cipher_core.lo
  CC       gsm0480.lo
  CC       abis_nm.lo
  CC       gsm0502.lo
  CC       gsm0411_utils.lo
  CC       gsm0411_smc.lo
  CC       gsm0411_smr.lo
  CC       lapd_core.lo
  CC       lapdm.lo
  CC       auth_core.lo
  CC       auth_comp128v1.lo
  CC       auth_milenage.lo
  CC       aes-encblock.lo
  CC       aes-internal.lo
  CC       aes-internal-enc.lo
  CC       milenage.lo
  CC       gan.lo
  CCLD     libosmogsm.la
make[3]: Leaving directory `/home/anming/osmocom-bb/src/shared/libosmocore/build-target/src/gsm'
Making all in src/gb
make[3]: Entering directory `/home/anming/osmocom-bb/src/shared/libosmocore/build-target/src/gb'
make[3]: Nothing to be done for `all'.
make[3]: Leaving directory `/home/anming/osmocom-bb/src/shared/libosmocore/build-target/src/gb'
Making all in tests
make[3]: Entering directory `/home/anming/osmocom-bb/src/shared/libosmocore/build-target/tests'
make[3]: Nothing to be done for `all'.
make[3]: Leaving directory `/home/anming/osmocom-bb/src/shared/libosmocore/build-target/tests'
Making all in utils
make[3]: Entering directory `/home/anming/osmocom-bb/src/shared/libosmocore/build-target/utils'
make[3]: Nothing to be done for `all'.
make[3]: Leaving directory `/home/anming/osmocom-bb/src/shared/libosmocore/build-target/utils'
make[3]: Entering directory `/home/anming/osmocom-bb/src/shared/libosmocore/build-target'
make[3]: Leaving directory `/home/anming/osmocom-bb/src/shared/libosmocore/build-target'
make[2]: Leaving directory `/home/anming/osmocom-bb/src/shared/libosmocore/build-target'
make[1]: Leaving directory `/home/anming/osmocom-bb/src/shared/libosmocore/build-target'
cd host/layer23 && ./configure  
checking for a BSD-compatible install... /usr/bin/install -c
checking whether build environment is sane... yes
checking for a thread-safe mkdir -p... /bin/mkdir -p
checking for gawk... no
checking for mawk... mawk
checking whether make sets $(MAKE)... yes
checking whether make supports nested variables... yes
checking whether make supports nested variables... (cached) yes
checking whether make sets $(MAKE)... (cached) yes
checking for gcc... gcc
checking whether the C compiler works... yes
checking for C compiler default output file name... a.out
checking for suffix of executables... 
checking whether we are cross compiling... no
checking for suffix of object files... o
checking whether we are using the GNU C compiler... yes
checking whether gcc accepts -g... yes
checking for gcc option to accept ISO C89... none needed
checking whether gcc understands -c and -o together... yes
checking for style of include used by make... GNU
checking dependency style of gcc... gcc3
checking for ranlib... ranlib
checking for pkg-config... /usr/bin/pkg-config
checking pkg-config is at least version 0.9.0... yes
checking for LIBOSMOCORE... yes
checking for LIBOSMOVTY... yes
checking for LIBOSMOGSM... yes
checking for LIBOSMOCODEC... yes
checking for gps_waiting in -lgps... no
checking for LIBLUA... no
checking how to run the C preprocessor... gcc -E
checking for grep that handles long lines and -e... /bin/grep
checking for egrep... /bin/grep -E
checking for ANSI C header files... yes
checking that generated files are newer than configure... done
configure: creating ./config.status
config.status: creating src/Makefile
config.status: creating src/common/Makefile
config.status: creating src/misc/Makefile
config.status: creating src/mobile/Makefile
config.status: creating src/transceiver/Makefile
config.status: creating include/Makefile
config.status: creating include/osmocom/Makefile
config.status: creating include/osmocom/bb/Makefile
config.status: creating include/osmocom/bb/common/Makefile
config.status: creating include/osmocom/bb/misc/Makefile
config.status: creating include/osmocom/bb/mobile/Makefile
config.status: creating Makefile
config.status: executing depfiles commands
make -C host/layer23
make[1]: Entering directory `/home/anming/osmocom-bb/src/host/layer23'
Making all in include
make[2]: Entering directory `/home/anming/osmocom-bb/src/host/layer23/include'
Making all in osmocom
make[3]: Entering directory `/home/anming/osmocom-bb/src/host/layer23/include/osmocom'
Making all in bb
make[4]: Entering directory `/home/anming/osmocom-bb/src/host/layer23/include/osmocom/bb'
Making all in common
make[5]: Entering directory `/home/anming/osmocom-bb/src/host/layer23/include/osmocom/bb/common'
make[5]: Nothing to be done for `all'.
make[5]: Leaving directory `/home/anming/osmocom-bb/src/host/layer23/include/osmocom/bb/common'
Making all in misc
make[5]: Entering directory `/home/anming/osmocom-bb/src/host/layer23/include/osmocom/bb/misc'
make[5]: Nothing to be done for `all'.
make[5]: Leaving directory `/home/anming/osmocom-bb/src/host/layer23/include/osmocom/bb/misc'
Making all in mobile
make[5]: Entering directory `/home/anming/osmocom-bb/src/host/layer23/include/osmocom/bb/mobile'
make[5]: Nothing to be done for `all'.
make[5]: Leaving directory `/home/anming/osmocom-bb/src/host/layer23/include/osmocom/bb/mobile'
make[5]: Entering directory `/home/anming/osmocom-bb/src/host/layer23/include/osmocom/bb'
make[5]: Nothing to be done for `all-am'.
make[5]: Leaving directory `/home/anming/osmocom-bb/src/host/layer23/include/osmocom/bb'
make[4]: Leaving directory `/home/anming/osmocom-bb/src/host/layer23/include/osmocom/bb'
make[4]: Entering directory `/home/anming/osmocom-bb/src/host/layer23/include/osmocom'
make[4]: Nothing to be done for `all-am'.
make[4]: Leaving directory `/home/anming/osmocom-bb/src/host/layer23/include/osmocom'
make[3]: Leaving directory `/home/anming/osmocom-bb/src/host/layer23/include/osmocom'
make[3]: Entering directory `/home/anming/osmocom-bb/src/host/layer23/include'
make[3]: Nothing to be done for `all-am'.
make[3]: Leaving directory `/home/anming/osmocom-bb/src/host/layer23/include'
make[2]: Leaving directory `/home/anming/osmocom-bb/src/host/layer23/include'
Making all in src
make[2]: Entering directory `/home/anming/osmocom-bb/src/host/layer23/src'
Making all in common
make[3]: Entering directory `/home/anming/osmocom-bb/src/host/layer23/src/common'
  CC       l1ctl.o
  CC       l1l2_interface.o
  CC       sap_interface.o
  CC       logging.o
make[3]: Leaving directory `/home/anming/osmocom-bb/src/host/layer23/src/common'
make[2]: Leaving directory `/home/anming/osmocom-bb/src/host/layer23/src'
make[1]: Leaving directory `/home/anming/osmocom-bb/src/host/layer23'
